<?xml version="1.0" encoding="UTF-8"?>
<!-- Generated by org.testng.reporters.JUnitXMLReporter -->
<testsuite ignored="0" hostname="DESKTOP-T4NU3T9" failures="0" tests="50" name="Default test" time="48.096" errors="0" timestamp="2021-08-30T11:05:34 BRT">
  <testcase classname="com.springselenium.automation.test.BomGourmetTest" name="bomGourmetVote" time="1.053"/>
  <testcase classname="com.springselenium.automation.test.BomGourmetTest" name="bomGourmetVote" time="0.739"/>
  <testcase classname="com.springselenium.automation.test.BomGourmetTest" name="bomGourmetVote" time="0.72"/>
  <testcase classname="com.springselenium.automation.test.BomGourmetTest" name="bomGourmetVote" time="0.697"/>
  <testcase classname="com.springselenium.automation.test.BomGourmetTest" name="bomGourmetVote" time="0.703"/>
  <testcase classname="com.springselenium.automation.test.BomGourmetTest" name="bomGourmetVote" time="0.743"/>
  <testcase classname="com.springselenium.automation.test.BomGourmetTest" name="bomGourmetVote" time="0.7"/>
  <testcase classname="com.springselenium.automation.test.BomGourmetTest" name="bomGourmetVote" time="0.701"/>
  <testcase classname="com.springselenium.automation.test.BomGourmetTest" name="bomGourmetVote" time="0.701"/>
  <testcase classname="com.springselenium.automation.test.BomGourmetTest" name="bomGourmetVote" time="0.708"/>
  <testcase classname="com.springselenium.automation.test.BomGourmetTest" name="bomGourmetVote" time="0.862"/>
  <testcase classname="com.springselenium.automation.test.BomGourmetTest" name="bomGourmetVote" time="0.749"/>
  <testcase classname="com.springselenium.automation.test.BomGourmetTest" name="bomGourmetVote" time="0.638"/>
  <testcase classname="com.springselenium.automation.test.BomGourmetTest" name="bomGourmetVote" time="0.694"/>
  <testcase classname="com.springselenium.automation.test.BomGourmetTest" name="bomGourmetVote" time="0.694"/>
  <testcase classname="com.springselenium.automation.test.BomGourmetTest" name="bomGourmetVote" time="0.708"/>
  <testcase classname="com.springselenium.automation.test.BomGourmetTest" name="bomGourmetVote" time="0.772"/>
  <testcase classname="com.springselenium.automation.test.BomGourmetTest" name="bomGourmetVote" time="0.651"/>
  <testcase classname="com.springselenium.automation.test.BomGourmetTest" name="bomGourmetVote" time="0.687"/>
  <testcase classname="com.springselenium.automation.test.BomGourmetTest" name="bomGourmetVote" time="0.738"/>
  <testcase classname="com.springselenium.automation.test.BomGourmetTest" name="bomGourmetVote" time="0.714"/>
  <testcase classname="com.springselenium.automation.test.BomGourmetTest" name="bomGourmetVote" time="0.717"/>
  <testcase classname="com.springselenium.automation.test.BomGourmetTest" name="bomGourmetVote" time="0.692"/>
  <testcase classname="com.springselenium.automation.test.BomGourmetTest" name="bomGourmetVote" time="0.683"/>
  <testcase classname="com.springselenium.automation.test.BomGourmetTest" name="bomGourmetVote" time="0.834"/>
  <testcase classname="com.springselenium.automation.test.BomGourmetTest" name="bomGourmetVote" time="0.835"/>
  <testcase classname="com.springselenium.automation.test.BomGourmetTest" name="bomGourmetVote" time="0.874"/>
  <testcase classname="com.springselenium.automation.test.BomGourmetTest" name="bomGourmetVote" time="0.854"/>
  <testcase classname="com.springselenium.automation.test.BomGourmetTest" name="bomGourmetVote" time="0.884"/>
  <testcase classname="com.springselenium.automation.test.BomGourmetTest" name="bomGourmetVote" time="0.982"/>
  <testcase classname="com.springselenium.automation.test.BomGourmetTest" name="bomGourmetVote" time="1.064"/>
  <testcase classname="com.springselenium.automation.test.BomGourmetTest" name="bomGourmetVote" time="0.833"/>
  <testcase classname="com.springselenium.automation.test.BomGourmetTest" name="bomGourmetVote" time="0.837"/>
  <testcase classname="com.springselenium.automation.test.BomGourmetTest" name="bomGourmetVote" time="0.86"/>
  <testcase classname="com.springselenium.automation.test.BomGourmetTest" name="bomGourmetVote" time="0.899"/>
  <testcase classname="com.springselenium.automation.test.BomGourmetTest" name="bomGourmetVote" time="0.994"/>
  <testcase classname="com.springselenium.automation.test.BomGourmetTest" name="bomGourmetVote" time="1.093"/>
  <testcase classname="com.springselenium.automation.test.BomGourmetTest" name="bomGourmetVote" time="1.882"/>
  <testcase classname="com.springselenium.automation.test.BomGourmetTest" name="bomGourmetVote" time="1.067"/>
  <testcase classname="com.springselenium.automation.test.BomGourmetTest" name="bomGourmetVote" time="1.01"/>
  <testcase classname="com.springselenium.automation.test.BomGourmetTest" name="bomGourmetVote" time="1.031"/>
  <testcase classname="com.springselenium.automation.test.BomGourmetTest" name="bomGourmetVote" time="1.033"/>
  <testcase classname="com.springselenium.automation.test.BomGourmetTest" name="bomGourmetVote" time="1.127"/>
  <testcase classname="com.springselenium.automation.test.BomGourmetTest" name="bomGourmetVote" time="0.968"/>
  <testcase classname="com.springselenium.automation.test.BomGourmetTest" name="bomGourmetVote" time="0.766"/>
  <testcase classname="com.springselenium.automation.test.BomGourmetTest" name="bomGourmetVote" time="0.956"/>
  <testcase classname="com.springselenium.automation.test.BomGourmetTest" name="bomGourmetVote" time="0.964"/>
  <testcase classname="com.springselenium.automation.test.BomGourmetTest" name="bomGourmetVote" time="0.734"/>
  <testcase classname="com.springselenium.automation.test.BomGourmetTest" name="bomGourmetVote" time="0.847"/>
  <testcase classname="com.springselenium.automation.test.BomGourmetTest" name="bomGourmetVote" time="0.784"/>
</testsuite> <!-- Default test -->
