<?xml version="1.0" encoding="UTF-8"?>
<!-- Generated by org.testng.reporters.JUnitReportReporter -->
<testsuite hostname="DESKTOP-T4NU3T9" failures="0" tests="50" name="com.springselenium.automation.test.BomGourmetTest" time="42.543" errors="0" timestamp="2021-08-30T11:05:34 BRT" skipped="0">
  <testcase classname="com.springselenium.automation.test.BomGourmetTest" name="bomGourmetVote" time="0.835"/>
  <system-out/>
  <testcase classname="com.springselenium.automation.test.BomGourmetTest" name="bomGourmetVote" time="1.129"/>
  <system-out/>
  <testcase classname="com.springselenium.automation.test.BomGourmetTest" name="bomGourmetVote" time="1.053"/>
  <system-out/>
  <testcase classname="com.springselenium.automation.test.BomGourmetTest" name="bomGourmetVote" time="0.688"/>
  <system-out/>
  <testcase classname="com.springselenium.automation.test.BomGourmetTest" name="bomGourmetVote" time="0.838"/>
  <system-out/>
  <testcase classname="com.springselenium.automation.test.BomGourmetTest" name="bomGourmetVote" time="0.965"/>
  <system-out/>
  <testcase classname="com.springselenium.automation.test.BomGourmetTest" name="bomGourmetVote" time="0.735"/>
  <system-out/>
  <testcase classname="com.springselenium.automation.test.BomGourmetTest" name="bomGourmetVote" time="0.709"/>
  <system-out/>
  <testcase classname="com.springselenium.automation.test.BomGourmetTest" name="bomGourmetVote" time="0.863"/>
  <system-out/>
  <testcase classname="com.springselenium.automation.test.BomGourmetTest" name="bomGourmetVote" time="0.856"/>
  <system-out/>
  <testcase classname="com.springselenium.automation.test.BomGourmetTest" name="bomGourmetVote" time="0.639"/>
  <system-out/>
  <testcase classname="com.springselenium.automation.test.BomGourmetTest" name="bomGourmetVote" time="0.696"/>
  <system-out/>
  <testcase classname="com.springselenium.automation.test.BomGourmetTest" name="bomGourmetVote" time="0.876"/>
  <system-out/>
  <testcase classname="com.springselenium.automation.test.BomGourmetTest" name="bomGourmetVote" time="0.704"/>
  <system-out/>
  <testcase classname="com.springselenium.automation.test.BomGourmetTest" name="bomGourmetVote" time="0.699"/>
  <system-out/>
  <testcase classname="com.springselenium.automation.test.BomGourmetTest" name="bomGourmetVote" time="0.861"/>
  <system-out/>
  <testcase classname="com.springselenium.automation.test.BomGourmetTest" name="bomGourmetVote" time="0.719"/>
  <system-out/>
  <testcase classname="com.springselenium.automation.test.BomGourmetTest" name="bomGourmetVote" time="0.836"/>
  <system-out/>
  <testcase classname="com.springselenium.automation.test.BomGourmetTest" name="bomGourmetVote" time="0.695"/>
  <system-out/>
  <testcase classname="com.springselenium.automation.test.BomGourmetTest" name="bomGourmetVote" time="0.721"/>
  <system-out/>
  <testcase classname="com.springselenium.automation.test.BomGourmetTest" name="bomGourmetVote" time="1.035"/>
  <system-out/>
  <testcase classname="com.springselenium.automation.test.BomGourmetTest" name="bomGourmetVote" time="0.847"/>
  <system-out/>
  <testcase classname="com.springselenium.automation.test.BomGourmetTest" name="bomGourmetVote" time="1.066"/>
  <system-out/>
  <testcase classname="com.springselenium.automation.test.BomGourmetTest" name="bomGourmetVote" time="0.704"/>
  <system-out/>
  <testcase classname="com.springselenium.automation.test.BomGourmetTest" name="bomGourmetVote" time="0.774"/>
  <system-out/>
  <testcase classname="com.springselenium.automation.test.BomGourmetTest" name="bomGourmetVote" time="0.739"/>
  <system-out/>
  <testcase classname="com.springselenium.automation.test.BomGourmetTest" name="bomGourmetVote" time="0.785"/>
  <system-out/>
  <testcase classname="com.springselenium.automation.test.BomGourmetTest" name="bomGourmetVote" time="0.695"/>
  <system-out/>
  <testcase classname="com.springselenium.automation.test.BomGourmetTest" name="bomGourmetVote" time="0.996"/>
  <system-out/>
  <testcase classname="com.springselenium.automation.test.BomGourmetTest" name="bomGourmetVote" time="0.739"/>
  <system-out/>
  <testcase classname="com.springselenium.automation.test.BomGourmetTest" name="bomGourmetVote" time="0.884"/>
  <system-out/>
  <testcase classname="com.springselenium.automation.test.BomGourmetTest" name="bomGourmetVote" time="0.715"/>
  <system-out/>
  <testcase classname="com.springselenium.automation.test.BomGourmetTest" name="bomGourmetVote" time="0.970"/>
  <system-out/>
  <testcase classname="com.springselenium.automation.test.BomGourmetTest" name="bomGourmetVote" time="0.767"/>
  <system-out/>
  <testcase classname="com.springselenium.automation.test.BomGourmetTest" name="bomGourmetVote" time="0.744"/>
  <system-out/>
  <testcase classname="com.springselenium.automation.test.BomGourmetTest" name="bomGourmetVote" time="0.703"/>
  <system-out/>
  <testcase classname="com.springselenium.automation.test.BomGourmetTest" name="bomGourmetVote" time="0.710"/>
  <system-out/>
  <testcase classname="com.springselenium.automation.test.BomGourmetTest" name="bomGourmetVote" time="0.750"/>
  <system-out/>
  <testcase classname="com.springselenium.automation.test.BomGourmetTest" name="bomGourmetVote" time="1.883"/>
  <system-out/>
  <testcase classname="com.springselenium.automation.test.BomGourmetTest" name="bomGourmetVote" time="0.654"/>
  <system-out/>
  <testcase classname="com.springselenium.automation.test.BomGourmetTest" name="bomGourmetVote" time="0.683"/>
  <system-out/>
  <testcase classname="com.springselenium.automation.test.BomGourmetTest" name="bomGourmetVote" time="0.983"/>
  <system-out/>
  <testcase classname="com.springselenium.automation.test.BomGourmetTest" name="bomGourmetVote" time="0.957"/>
  <system-out/>
  <testcase classname="com.springselenium.automation.test.BomGourmetTest" name="bomGourmetVote" time="1.031"/>
  <system-out/>
  <testcase classname="com.springselenium.automation.test.BomGourmetTest" name="bomGourmetVote" time="0.837"/>
  <system-out/>
  <testcase classname="com.springselenium.automation.test.BomGourmetTest" name="bomGourmetVote" time="1.094"/>
  <system-out/>
  <testcase classname="com.springselenium.automation.test.BomGourmetTest" name="bomGourmetVote" time="1.011"/>
  <system-out/>
  <testcase classname="com.springselenium.automation.test.BomGourmetTest" name="bomGourmetVote" time="0.701"/>
  <system-out/>
  <testcase classname="com.springselenium.automation.test.BomGourmetTest" name="bomGourmetVote" time="0.900"/>
  <system-out/>
  <testcase classname="com.springselenium.automation.test.BomGourmetTest" name="bomGourmetVote" time="1.069"/>
  <system-out/>
</testsuite> <!-- com.springselenium.automation.test.BomGourmetTest -->
